mysql: [Warning] Using a password on the command line interface can be insecure.
--------------
BEGIN
--------------

Query OK, 0 rows affected

--------------
SET @idAccount = 1
--------------

Query OK, 0 rows affected

--------------
SET @idUser = 1
--------------

Query OK, 0 rows affected

--------------
SET @idClient = 1
--------------

Query OK, 0 rows affected

--------------
INSERT INTO auth.Account (`id`,`uuid`) VALUES (@idAccount,UUID())
--------------

Query OK, 1 row affected

--------------
INSERT INTO auth.User (`id`,uuid, `idAccount`,`name`,`password`,`registerDate`,`activityDate`,`login`,`role`) VALUES (@idUser,UUID(),@idAccount,'jorodriguez1988@yahoo.com','$2a$10$opfjMC.OXSLPcVkfV9WAIO6g/PbxP6Z.vZJTxT0o1.E9CslTnvAhW',NOW(),NOW(),0,'consumer')
--------------

Query OK, 1 row affected

--------------
INSERT INTO auth.Client (`id`,`idUser`,`secret`, `identification`,`name`, registerDate,activityDate) VALUES (@idClient,@idUser,"123",'01','mobile',NOW(),NOW())
--------------

Query OK, 1 row affected

--------------
COMMIT
--------------

Query OK, 0 rows affected

--------------
Set @idConsumer=1
--------------

Query OK, 0 rows affected

--------------
INSERT INTO user.Consumer(id,idUser,uuid) VALUES (@idConsumer,@idUser,UUID())
--------------

Query OK, 1 row affected

--------------
COMMIT
--------------

Query OK, 0 rows affected

--------------
SET @idIdentification=1
--------------

Query OK, 0 rows affected

--------------
INSERT INTO id.Identification (id,firstName,lastName,name, gender, birthDate) VALUES (@idIdentification,"Joaquin","Rodriguez","Joaquin Osvaldo Rodriguez", "M", NOW())
--------------

Query OK, 1 row affected

--------------
INSERT INTO id.ConsumerIdentification (idConsumer,idIdentification) VALUES (@idConsumer,@idIdentification)
--------------

Query OK, 1 row affected

--------------
COMMIT
--------------

Query OK, 0 rows affected

--------------
SET @idLocation=1
--------------

Query OK, 0 rows affected

--------------
INSERT INTO location.Location (id,addressOne,city,zipCode) VALUES (@idLocation,"123 Fake Street","Blue Bell", "19422")
--------------

Query OK, 1 row affected

--------------
INSERT INTO location.ConsumerLocation(idConsumer,idLocation) VALUES (@idConsumer,@idLocation)
--------------

Query OK, 1 row affected

--------------
COMMIT
--------------

Query OK, 0 rows affected

--------------
SET @idEmail=1
--------------

Query OK, 0 rows affected

--------------
INSERT INTO msg.Email (id,address) VALUES (@idEmail,"jorodriguez199@yahoo.com")
--------------

Query OK, 1 row affected

--------------
INSERT INTO msg.ConsumerEmail (idConsumer,idEmail) VALUES (@idConsumer,@idEmail)
--------------

Query OK, 1 row affected

--------------
COMMIT
--------------

Query OK, 0 rows affected

--------------
BEGIN
--------------

Query OK, 0 rows affected

--------------
SET @idAccount=2
--------------

Query OK, 0 rows affected

--------------
SET @idUser=2
--------------

Query OK, 0 rows affected

--------------
SET @idClient=2
--------------

Query OK, 0 rows affected

--------------
INSERT INTO auth.Account (`id`,`uuid`) VALUES (@idAccount,UUID())
--------------

Query OK, 1 row affected

--------------
INSERT INTO auth.User (`id`,uuid, `idAccount`,`name`,`password`,`registerDate`,`activityDate`,`login`,`role`) VALUES (@idUser,UUID(),@idAccount,'jorodriguez1988@yahoo.com','$2a$10$opfjMC.OXSLPcVkfV9WAIO6g/PbxP6Z.vZJTxT0o1.E9CslTnvAhW',NOW(),NOW(),0,'Donor')
--------------

Query OK, 1 row affected

--------------
INSERT INTO auth.Client (`id`,idUser,`secret`, `identification`,`name`, registerDate,activityDate) VALUES (@idClient,@idUser,'123','01','mobile',NOW(),NOW())
--------------

Query OK, 1 row affected

--------------
COMMIT
--------------

Query OK, 0 rows affected

--------------
Set @idDonor=2
--------------

Query OK, 0 rows affected

--------------
INSERT INTO user.Donor(id,idUser,uuid) VALUES (@idDonor,@idUser,UUID())
--------------

Query OK, 1 row affected

--------------
COMMIT
--------------

Query OK, 0 rows affected

--------------
SET @idIdentification=2
--------------

Query OK, 0 rows affected

--------------
INSERT INTO id.IdentifiERROR 1364 (HY000) at line 27 in file: './relational/table/transaction/configuration/development/donor.sql': Field 'uuid' doesn't have a default value
cation (id,firstName,lastName,name, gender, birthDate) VALUES (@idIdentification,"Joaquin","Rodriguez","Joaquin Osvaldo Rodriguez", "M", NOW())
--------------

Query OK, 1 row affected

--------------
INSERT INTO id.DonorIdentification (idDonor,idIdentification) VALUES (@idDonor,@idIdentification)
--------------

Bye
